# JRE version: OpenJDK Runtime Environment (8.0_252-b09) (build 1.8.0_252-b09)
# Java VM: OpenJDK 64-Bit Server VM GraalVM CE 20.1.0 (25.252-b09-jvmci-20.1-b02 mixed mode linux-amd64 compressed oops)
Heap:
 PSYoungGen      total 194560K, used 27703K [0x00000000eee00000, 0x00000000fca00000, 0x0000000100000000)
  eden space 165888K, 0% used [0x00000000eee00000,0x00000000eee00000,0x00000000f9000000)
  from space 28672K, 96% used [0x00000000f9000000,0x00000000fab0dfa0,0x00000000fac00000)
  to   space 28160K, 0% used [0x00000000fac00000,0x00000000fac00000,0x00000000fc780000)
 ParOldGen       total 91136K, used 40285K [0x00000000cca00000, 0x00000000d2300000, 0x00000000eee00000)
  object space 91136K, 44% used [0x00000000cca00000,0x00000000cf157488,0x00000000d2300000)
 Metaspace       used 33584K, capacity 35230K, committed 35456K, reserved 1081344K
  class space    used 3793K, capacity 4169K, committed 4224K, reserved 1048576K
GC Heap History (10 events):
Event: 12.850 GC heap after
Heap after GC invocations=12 (full 0):
 PSYoungGen      total 136704K, used 12274K [0x00000000eee00000, 0x00000000f9300000, 0x0000000100000000)
  eden space 124416K, 0% used [0x00000000eee00000,0x00000000eee00000,0x00000000f6780000)
  from space 12288K, 99% used [0x00000000f7a00000,0x00000000f85fc9d0,0x00000000f8600000)
  to   space 18944K, 0% used [0x00000000f6780000,0x00000000f6780000,0x00000000f7a00000)
 ParOldGen       total 37376K, used 36513K [0x00000000cca00000, 0x00000000cee80000, 0x00000000eee00000)
  object space 37376K, 97% used [0x00000000cca00000,0x00000000ceda8410,0x00000000cee80000)
 Metaspace       used 18645K, capacity 19784K, committed 19968K, reserved 1067008K
  class space    used 1936K, capacity 2230K, committed 2304K, reserved 1048576K
}
Event: 12.852 GC heap before
{Heap before GC invocations=13 (full 1):
 PSYoungGen      total 136704K, used 12274K [0x00000000eee00000, 0x00000000f9300000, 0x0000000100000000)
  eden space 124416K, 0% used [0x00000000eee00000,0x00000000eee00000,0x00000000f6780000)
  from space 12288K, 99% used [0x00000000f7a00000,0x00000000f85fc9d0,0x00000000f8600000)
  to   space 18944K, 0% used [0x00000000f6780000,0x00000000f6780000,0x00000000f7a00000)
 ParOldGen       total 37376K, used 36513K [0x00000000cca00000, 0x00000000cee80000, 0x00000000eee00000)
  object space 37376K, 97% used [0x00000000cca00000,0x00000000ceda8410,0x00000000cee80000)
 Metaspace       used 18645K, capacity 19784K, committed 19968K, reserved 1067008K
  class space    used 1936K, capacity 2230K, committed 2304K, reserved 1048576K
Event: 13.345 GC heap after
Heap after GC invocations=13 (full 1):
 PSYoungGen      total 136704K, used 8544K [0x00000000eee00000, 0x00000000f9300000, 0x0000000100000000)
  eden space 124416K, 0% used [0x00000000eee00000,0x00000000eee00000,0x00000000f6780000)
  from space 12288K, 69% used [0x00000000f7a00000,0x00000000f8258100,0x00000000f8600000)
  to   space 18944K, 0% used [0x00000000f6780000,0x00000000f6780000,0x00000000f7a00000)
 ParOldGen       total 68608K, used 37033K [0x00000000cca00000, 0x00000000d0d00000, 0x00000000eee00000)
  object space 68608K, 53% used [0x00000000cca00000,0x00000000cee2a5e0,0x00000000d0d00000)
 Metaspace       used 18564K, capacity 19664K, committed 19968K, reserved 1067008K
  class space    used 1926K, capacity 2190K, committed 2304K, reserved 1048576K
}
Event: 14.556 GC heap before
{Heap before GC invocations=14 (full 1):
 PSYoungGen      total 136704K, used 132960K [0x00000000eee00000, 0x00000000f9300000, 0x0000000100000000)
  eden space 124416K, 100% used [0x00000000eee00000,0x00000000f6780000,0x00000000f6780000)
  from space 12288K, 69% used [0x00000000f7a00000,0x00000000f8258100,0x00000000f8600000)
  to   space 18944K, 0% used [0x00000000f6780000,0x00000000f6780000,0x00000000f7a00000)
 ParOldGen       total 68608K, used 37033K [0x00000000cca00000, 0x00000000d0d00000, 0x00000000eee00000)
  object space 68608K, 53% used [0x00000000cca00000,0x00000000cee2a5e0,0x00000000d0d00000)
 Metaspace       used 19676K, capacity 20820K, committed 21120K, reserved 1069056K
  class space    used 2028K, capacity 2302K, committed 2432K, reserved 1048576K
Event: 14.749 GC heap after
Heap after GC invocations=14 (full 1):
 PSYoungGen      total 143360K, used 18912K [0x00000000eee00000, 0x00000000fc780000, 0x0000000100000000)
  eden space 124416K, 0% used [0x00000000eee00000,0x00000000eee00000,0x00000000f6780000)
  from space 18944K, 99% used [0x00000000f6780000,0x00000000f79f8030,0x00000000f7a00000)
  to   space 28160K, 0% used [0x00000000fac00000,0x00000000fac00000,0x00000000fc780000)
 ParOldGen       total 68608K, used 53182K [0x00000000cca00000, 0x00000000d0d00000, 0x00000000eee00000)
  object space 68608K, 77% used [0x00000000cca00000,0x00000000cfdef858,0x00000000d0d00000)
 Metaspace       used 19676K, capacity 20820K, committed 21120K, reserved 1069056K
  class space    used 2028K, capacity 2302K, committed 2432K, reserved 1048576K
}
Event: 16.653 GC heap before
{Heap before GC invocations=15 (full 1):
 PSYoungGen      total 143360K, used 143328K [0x00000000eee00000, 0x00000000fc780000, 0x0000000100000000)
  eden space 124416K, 100% used [0x00000000eee00000,0x00000000f6780000,0x00000000f6780000)
  from space 18944K, 99% used [0x00000000f6780000,0x00000000f79f8030,0x00000000f7a00000)
  to   space 28160K, 0% used [0x00000000fac00000,0x00000000fac00000,0x00000000fc780000)
 ParOldGen       total 68608K, used 53182K [0x00000000cca00000, 0x00000000d0d00000, 0x00000000eee00000)
  object space 68608K, 77% used [0x00000000cca00000,0x00000000cfdef858,0x00000000d0d00000)
 Metaspace       used 24940K, capacity 26486K, committed 26752K, reserved 1073152K
  class space    used 2740K, capacity 3077K, committed 3200K, reserved 1048576K
Event: 16.773 GC heap after
Heap after GC invocations=15 (full 1):
 PSYoungGen      total 194048K, used 16251K [0x00000000eee00000, 0x00000000fca00000, 0x0000000100000000)
  eden space 165888K, 0% used [0x00000000eee00000,0x00000000eee00000,0x00000000f9000000)
  from space 28160K, 57% used [0x00000000fac00000,0x00000000fbbded58,0x00000000fc780000)
  to   space 28672K, 0% used [0x00000000f9000000,0x00000000f9000000,0x00000000fac00000)
 ParOldGen       total 70144K, used 69542K [0x00000000cca00000, 0x00000000d0e80000, 0x00000000eee00000)
  object space 70144K, 99% used [0x00000000cca00000,0x00000000d0de9878,0x00000000d0e80000)
 Metaspace       used 24940K, capacity 26486K, committed 26752K, reserved 1073152K
  class space    used 2740K, capacity 3077K, committed 3200K, reserved 1048576K
}
Event: 16.773 GC heap before
{Heap before GC invocations=16 (full 2):
 PSYoungGen      total 194048K, used 16251K [0x00000000eee00000, 0x00000000fca00000, 0x0000000100000000)
  eden space 165888K, 0% used [0x00000000eee00000,0x00000000eee00000,0x00000000f9000000)
  from space 28160K, 57% used [0x00000000fac00000,0x00000000fbbded58,0x00000000fc780000)
  to   space 28672K, 0% used [0x00000000f9000000,0x00000000f9000000,0x00000000fac00000)
 ParOldGen       total 70144K, used 69542K [0x00000000cca00000, 0x00000000d0e80000, 0x00000000eee00000)
  object space 70144K, 99% used [0x00000000cca00000,0x00000000d0de9878,0x00000000d0e80000)
 Metaspace       used 24940K, capacity 26486K, committed 26752K, reserved 1073152K
  class space    used 2740K, capacity 3077K, committed 3200K, reserved 1048576K
Event: 17.105 GC heap after
Heap after GC invocations=16 (full 2):
 PSYoungGen      total 194048K, used 0K [0x00000000eee00000, 0x00000000fca00000, 0x0000000100000000)
  eden space 165888K, 0% used [0x00000000eee00000,0x00000000eee00000,0x00000000f9000000)
  from space 28160K, 0% used [0x00000000fac00000,0x00000000fac00000,0x00000000fc780000)
  to   space 28672K, 0% used [0x00000000f9000000,0x00000000f9000000,0x00000000fac00000)
 ParOldGen       total 91136K, used 40277K [0x00000000cca00000, 0x00000000d2300000, 0x00000000eee00000)
  object space 91136K, 44% used [0x00000000cca00000,0x00000000cf155488,0x00000000d2300000)
 Metaspace       used 24940K, capacity 26486K, committed 26752K, reserved 1073152K
  class space    used 2740K, capacity 3077K, committed 3200K, reserved 1048576K
}
Event: 19.278 GC heap before
{Heap before GC invocations=17 (full 2):
 PSYoungGen      total 194048K, used 165888K [0x00000000eee00000, 0x00000000fca00000, 0x0000000100000000)
  eden space 165888K, 100% used [0x00000000eee00000,0x00000000f9000000,0x00000000f9000000)
  from space 28160K, 0% used [0x00000000fac00000,0x00000000fac00000,0x00000000fc780000)
  to   space 28672K, 0% used [0x00000000f9000000,0x00000000f9000000,0x00000000fac00000)
 ParOldGen       total 91136K, used 40277K [0x00000000cca00000, 0x00000000d2300000, 0x00000000eee00000)
  object space 91136K, 44% used [0x00000000cca00000,0x00000000cf155488,0x00000000d2300000)
 Metaspace       used 33584K, capacity 35230K, committed 35456K, reserved 1081344K
  class space    used 3793K, capacity 4169K, committed 4224K, reserved 1048576K

